Using pre-set license
Built from '2021.1/release' branch; Version is '2021.1.0f1 (61a549675243) revision 6399305'; Using compiler version '192528614'; Build Type 'Release'
OS: 'Windows 10 Home; OS build 19042.985; Version 2009; 64bit' Language: 'en' Physical Memory: 8052 MB
BatchMode: 1, IsHumanControllingUs: 0, StartBugReporterOnCrash: 0, Is64bit: 1, IsPro: 0

 COMMAND LINE ARGUMENTS:
D:\Unity Editor\2021.1.0f1\Editor\Unity.exe
-adb2
-batchMode
-noUpm
-name
AssetImportWorker0
-projectPath
D:/GitHubDeskTop/ECS189_FinalProject/RobbiePlatform
-logFile
Logs/AssetImportWorker0.log
-srvPort
55831
Successfully changed project path to: D:/GitHubDeskTop/ECS189_FinalProject/RobbiePlatform
D:/GitHubDeskTop/ECS189_FinalProject/RobbiePlatform
Using Asset Import Pipeline V2.
Refreshing native plugins compatible for Editor in 55.12 ms, found 1 plugins.
Preloading 0 native plugins for Editor in 0.00 ms.
Initialize engine version: 2021.1.0f1 (61a549675243)
[Subsystems] Discovering subsystems at path D:/Unity Editor/2021.1.0f1/Editor/Data/Resources/UnitySubsystems
[Subsystems] Discovering subsystems at path D:/GitHubDeskTop/ECS189_FinalProject/RobbiePlatform/Assets
GfxDevice: creating device client; threaded=0; jobified=0
Direct3D:
    Version:  Direct3D 11.0 [level 11.1]
    Renderer: NVIDIA GeForce GTX 1060 (ID=0x1c20)
    Vendor:   NVIDIA
    VRAM:     6052 MB
    Driver:   26.21.14.4259
Initialize mono
Mono path[0] = 'D:/Unity Editor/2021.1.0f1/Editor/Data/Managed'
Mono path[1] = 'D:/Unity Editor/2021.1.0f1/Editor/Data/MonoBleedingEdge/lib/mono/unityjit'
Mono config path = 'D:/Unity Editor/2021.1.0f1/Editor/Data/MonoBleedingEdge/etc'
Using monoOptions --debugger-agent=transport=dt_socket,embedding=1,server=y,suspend=n,address=127.0.0.1:56084
Begin MonoManager ReloadAssembly
Registering precompiled unity dll's ...
Register platform support module: D:/Unity Editor/2021.1.0f1/Editor/Data/PlaybackEngines/WindowsStandaloneSupport/UnityEditor.WindowsStandalone.Extensions.dll
Registered in 0.001816 seconds.
Native extension for WindowsStandalone target not found
Refreshing native plugins compatible for Editor in 42.87 ms, found 1 plugins.
Preloading 0 native plugins for Editor in 0.00 ms.
Mono: successfully reloaded assembly
- Completed reload, in  1.131 seconds
Platform modules already initialized, skipping
Registering precompiled user dll's ...
Registered in 0.001064 seconds.
Begin MonoManager ReloadAssembly
Native extension for WindowsStandalone target not found
Refreshing native plugins compatible for Editor in 44.36 ms, found 1 plugins.
Preloading 0 native plugins for Editor in 0.00 ms.
Mono: successfully reloaded assembly
- Completed reload, in  1.016 seconds
Platform modules already initialized, skipping
========================================================================
Worker process is ready to serve import requests
Launched and connected shader compiler UnityShaderCompiler.exe after 0.12 seconds
Refreshing native plugins compatible for Editor in 0.46 ms, found 1 plugins.
Preloading 0 native plugins for Editor in 0.00 ms.
Unloading 2159 Unused Serialized files (Serialized files now loaded: 0)
System memory in use before: 107.5 MB.
System memory in use after: 107.6 MB.

Unloading 20 unused Assets to reduce memory usage. Loaded Objects now: 2625.
Total: 3.003000 ms (FindLiveObjects: 0.462300 ms CreateObjectMapping: 0.234000 ms MarkObjects: 2.192700 ms  DeleteObjects: 0.111600 ms)

========================================================================
Received Import Request.
  path: Assets/Scenes/level1.unity
  artifactKey: Guid(c4e691ce00643b74ca4734b49c922b31) Importer(815301076,1909f56bfc062723c751e8b465ee728b)
Start importing Assets/Scenes/level1.unity using Guid(c4e691ce00643b74ca4734b49c922b31) Importer(815301076,1909f56bfc062723c751e8b465ee728b)  -> (artifact id: 'b5d28f196bee4dfba54ca9152af83b9a') in 0.020156 seconds 
========================================================================
Received Prepare
Registering precompiled user dll's ...
Registered in 0.001005 seconds.
Begin MonoManager ReloadAssembly
Native extension for WindowsStandalone target not found
Refreshing native plugins compatible for Editor in 0.42 ms, found 1 plugins.
Preloading 0 native plugins for Editor in 0.00 ms.
Mono: successfully reloaded assembly
- Completed reload, in  0.960 seconds
Platform modules already initialized, skipping
Refreshing native plugins compatible for Editor in 0.68 ms, found 1 plugins.
Preloading 0 native plugins for Editor in 0.00 ms.
Unloading 2106 Unused Serialized files (Serialized files now loaded: 0)
System memory in use before: 103.8 MB.
System memory in use after: 103.9 MB.

Unloading 9 unused Assets to reduce memory usage. Loaded Objects now: 2628.
Total: 2.508200 ms (FindLiveObjects: 0.397100 ms CreateObjectMapping: 0.103600 ms MarkObjects: 1.956600 ms  DeleteObjects: 0.033600 ms)

========================================================================
Received Import Request.
  Time since last request: 495.809747 seconds.
  path: Assets/Scripts/Menu.cs
  artifactKey: Guid(ff63d2c5347a8194dba4205667810c2b) Importer(815301076,1909f56bfc062723c751e8b465ee728b)
Start importing Assets/Scripts/Menu.cs using Guid(ff63d2c5347a8194dba4205667810c2b) Importer(815301076,1909f56bfc062723c751e8b465ee728b)  -> (artifact id: '8261f29f3aee1f7829d5638d2d43d2b5') in 0.045317 seconds 
========================================================================
Received Prepare
Registering precompiled user dll's ...
Registered in 0.004607 seconds.
Begin MonoManager ReloadAssembly
Native extension for WindowsStandalone target not found
Refreshing native plugins compatible for Editor in 0.47 ms, found 1 plugins.
Preloading 0 native plugins for Editor in 0.00 ms.
Mono: successfully reloaded assembly
- Completed reload, in  1.599 seconds
Platform modules already initialized, skipping
Refreshing native plugins compatible for Editor in 0.59 ms, found 1 plugins.
Preloading 0 native plugins for Editor in 0.00 ms.
Unloading 2106 Unused Serialized files (Serialized files now loaded: 0)
System memory in use before: 103.8 MB.
System memory in use after: 103.9 MB.

Unloading 9 unused Assets to reduce memory usage. Loaded Objects now: 2631.
Total: 6.173500 ms (FindLiveObjects: 0.346400 ms CreateObjectMapping: 0.594500 ms MarkObjects: 5.202000 ms  DeleteObjects: 0.027100 ms)

========================================================================
Received Import Request.
  Time since last request: 44.538807 seconds.
  path: Assets/Scenes/level2.unity
  artifactKey: Guid(edb682b9f9caf594ab4a4a8b918a215f) Importer(815301076,1909f56bfc062723c751e8b465ee728b)
Start importing Assets/Scenes/level2.unity using Guid(edb682b9f9caf594ab4a4a8b918a215f) Importer(815301076,1909f56bfc062723c751e8b465ee728b)  -> (artifact id: 'd62e0de56e114848781e611d44b4a210') in 0.027300 seconds 
========================================================================
Received Prepare
Registering precompiled user dll's ...
Registered in 0.001107 seconds.
Begin MonoManager ReloadAssembly
Native extension for WindowsStandalone target not found
Refreshing native plugins compatible for Editor in 0.42 ms, found 1 plugins.
Preloading 0 native plugins for Editor in 0.00 ms.
Mono: successfully reloaded assembly
- Completed reload, in  1.005 seconds
Platform modules already initialized, skipping
Refreshing native plugins compatible for Editor in 0.45 ms, found 1 plugins.
Preloading 0 native plugins for Editor in 0.00 ms.
Unloading 2106 Unused Serialized files (Serialized files now loaded: 0)
System memory in use before: 103.8 MB.
System memory in use after: 104.0 MB.

Unloading 9 unused Assets to reduce memory usage. Loaded Objects now: 2634.
Total: 3.361300 ms (FindLiveObjects: 0.324700 ms CreateObjectMapping: 0.154100 ms MarkObjects: 2.864200 ms  DeleteObjects: 0.017000 ms)

========================================================================
Received Prepare
Registering precompiled user dll's ...
Registered in 0.001140 seconds.
Begin MonoManager ReloadAssembly
Native extension for WindowsStandalone target not found
Refreshing native plugins compatible for Editor in 1.15 ms, found 1 plugins.
Preloading 0 native plugins for Editor in 0.00 ms.
Mono: successfully reloaded assembly
- Completed reload, in  1.120 seconds
Platform modules already initialized, skipping
Refreshing native plugins compatible for Editor in 0.55 ms, found 1 plugins.
Preloading 0 native plugins for Editor in 0.00 ms.
Unloading 2106 Unused Serialized files (Serialized files now loaded: 0)
System memory in use before: 103.9 MB.
System memory in use after: 104.0 MB.

Unloading 9 unused Assets to reduce memory usage. Loaded Objects now: 2637.
Total: 3.818600 ms (FindLiveObjects: 0.363200 ms CreateObjectMapping: 0.193600 ms MarkObjects: 3.227800 ms  DeleteObjects: 0.032400 ms)

========================================================================
Received Prepare
Registering precompiled user dll's ...
Registered in 0.001124 seconds.
Begin MonoManager ReloadAssembly
Native extension for WindowsStandalone target not found
Refreshing native plugins compatible for Editor in 0.51 ms, found 1 plugins.
Preloading 0 native plugins for Editor in 0.00 ms.
Mono: successfully reloaded assembly
- Completed reload, in  1.090 seconds
Platform modules already initialized, skipping
Refreshing native plugins compatible for Editor in 0.56 ms, found 1 plugins.
Preloading 0 native plugins for Editor in 0.00 ms.
Unloading 2106 Unused Serialized files (Serialized files now loaded: 0)
System memory in use before: 103.9 MB.
System memory in use after: 104.0 MB.

Unloading 9 unused Assets to reduce memory usage. Loaded Objects now: 2640.
Total: 2.470200 ms (FindLiveObjects: 0.222600 ms CreateObjectMapping: 0.093300 ms MarkObjects: 2.133500 ms  DeleteObjects: 0.019400 ms)

========================================================================
Received Import Request.
  Time since last request: 345.433424 seconds.
  path: Assets/final.jpg
  artifactKey: Guid(92ade461a82867b4e874778eb6f067e6) Importer(815301076,1909f56bfc062723c751e8b465ee728b)
Start importing Assets/final.jpg using Guid(92ade461a82867b4e874778eb6f067e6) Importer(815301076,1909f56bfc062723c751e8b465ee728b)  -> (artifact id: '241fa312cadb8795f08ccccfb1bc9632') in 0.532227 seconds 
========================================================================
Received Import Request.
  Time since last request: 72.524726 seconds.
  path: Assets/Audio/Ambience/Wind_stones.wav
  artifactKey: Guid(91192d9f301714fadbb007469cab0213) Importer(815301076,1909f56bfc062723c751e8b465ee728b)
Start importing Assets/Audio/Ambience/Wind_stones.wav using Guid(91192d9f301714fadbb007469cab0213) Importer(815301076,1909f56bfc062723c751e8b465ee728b)  -> (artifact id: 'd453fe4d58cf3bdeae0d7ae0358a451b') in 0.318924 seconds 
========================================================================
Received Prepare
Registering precompiled user dll's ...
Registered in 0.001077 seconds.
Begin MonoManager ReloadAssembly
Native extension for WindowsStandalone target not found
Refreshing native plugins compatible for Editor in 0.56 ms, found 1 plugins.
Preloading 0 native plugins for Editor in 0.00 ms.
Mono: successfully reloaded assembly
- Completed reload, in  1.115 seconds
Platform modules already initialized, skipping
Refreshing native plugins compatible for Editor in 0.43 ms, found 1 plugins.
Preloading 0 native plugins for Editor in 0.00 ms.
Unloading 2107 Unused Serialized files (Serialized files now loaded: 0)
System memory in use before: 110.6 MB.
System memory in use after: 110.7 MB.

Unloading 9 unused Assets to reduce memory usage. Loaded Objects now: 2670.
Total: 2.517900 ms (FindLiveObjects: 0.298100 ms CreateObjectMapping: 0.174600 ms MarkObjects: 1.988500 ms  DeleteObjects: 0.056100 ms)

========================================================================
Received Import Request.
  Time since last request: 46.840964 seconds.
  path: Assets/Audio/Ambience
  artifactKey: Guid(7d7a78da21ed244b4a441c80499748ff) Importer(815301076,1909f56bfc062723c751e8b465ee728b)
Start importing Assets/Audio/Ambience using Guid(7d7a78da21ed244b4a441c80499748ff) Importer(815301076,1909f56bfc062723c751e8b465ee728b)  -> (artifact id: 'd8cbc7ba8f411f430c15384c86e8186c') in 0.008641 seconds 
========================================================================
Received Import Request.
  Time since last request: 40.344760 seconds.
  path: Assets/VFX/LightShaft.prefab
  artifactKey: Guid(06b126ed6bc666842b8ba07344e887d8) Importer(815301076,1909f56bfc062723c751e8b465ee728b)
Start importing Assets/VFX/LightShaft.prefab using Guid(06b126ed6bc666842b8ba07344e887d8) Importer(815301076,1909f56bfc062723c751e8b465ee728b)  -> (artifact id: 'eb09212c7bf6379d0efada0d19adbe18') in 0.138307 seconds 
========================================================================
Received Import Request.
  Time since last request: 0.772915 seconds.
  path: Assets/UI/Debug Canvas.prefab
  artifactKey: Guid(aa7b14a743cf53741bffaf4f723bbac5) Importer(815301076,1909f56bfc062723c751e8b465ee728b)
Start importing Assets/UI/Debug Canvas.prefab using Guid(aa7b14a743cf53741bffaf4f723bbac5) Importer(815301076,1909f56bfc062723c751e8b465ee728b)  -> (artifact id: '6bc73a0ef4a82407aefa2a42f47871c3') in 0.058010 seconds 
========================================================================
Received Import Request.
  Time since last request: 0.000336 seconds.
  path: Assets/UI/Mobile Input Cavas.prefab
  artifactKey: Guid(d3333c14ca55e0949b56e4da9ac45c41) Importer(815301076,1909f56bfc062723c751e8b465ee728b)
Start importing Assets/UI/Mobile Input Cavas.prefab using Guid(d3333c14ca55e0949b56e4da9ac45c41) Importer(815301076,1909f56bfc062723c751e8b465ee728b)  -> (artifact id: '2c0086b475a3d55bc36f91c70c4b0226') in 0.046729 seconds 
========================================================================
Received Import Request.
  Time since last request: 0.000721 seconds.
  path: Assets/UI/UI Manager.prefab
  artifactKey: Guid(46f775b6b5aa7b94e99af3485e3c8b30) Importer(815301076,1909f56bfc062723c751e8b465ee728b)
Start importing Assets/UI/UI Manager.prefab using Guid(46f775b6b5aa7b94e99af3485e3c8b30) Importer(815301076,1909f56bfc062723c751e8b465ee728b)  -> (artifact id: '93bfe1facf9d7edc6af17e1839d34cd1') in 0.097317 seconds 
========================================================================
Received Prepare
Registering precompiled user dll's ...
Registered in 0.001190 seconds.
Begin MonoManager ReloadAssembly
Native extension for WindowsStandalone target not found
Refreshing native plugins compatible for Editor in 1.26 ms, found 1 plugins.
Preloading 0 native plugins for Editor in 0.00 ms.
Mono: successfully reloaded assembly
- Completed reload, in  1.839 seconds
Platform modules already initialized, skipping
Refreshing native plugins compatible for Editor in 1.43 ms, found 1 plugins.
Preloading 0 native plugins for Editor in 0.00 ms.
Unloading 2106 Unused Serialized files (Serialized files now loaded: 0)
System memory in use before: 110.7 MB.
System memory in use after: 110.8 MB.

Unloading 9 unused Assets to reduce memory usage. Loaded Objects now: 2676.
Total: 6.168200 ms (FindLiveObjects: 0.791000 ms CreateObjectMapping: 0.305200 ms MarkObjects: 5.038900 ms  DeleteObjects: 0.030400 ms)

========================================================================
Received Prepare
Registering precompiled user dll's ...
Registered in 0.001182 seconds.
Begin MonoManager ReloadAssembly
Native extension for WindowsStandalone target not found
Refreshing native plugins compatible for Editor in 0.59 ms, found 1 plugins.
Preloading 0 native plugins for Editor in 0.00 ms.
Mono: successfully reloaded assembly
- Completed reload, in  1.228 seconds
Platform modules already initialized, skipping
Refreshing native plugins compatible for Editor in 1.56 ms, found 1 plugins.
Preloading 0 native plugins for Editor in 0.00 ms.
Unloading 2106 Unused Serialized files (Serialized files now loaded: 0)
System memory in use before: 110.7 MB.
System memory in use after: 110.8 MB.

Unloading 9 unused Assets to reduce memory usage. Loaded Objects now: 2679.
Total: 6.376200 ms (FindLiveObjects: 0.535500 ms CreateObjectMapping: 0.197400 ms MarkObjects: 5.614400 ms  DeleteObjects: 0.027200 ms)

========================================================================
Received Import Request.
  Time since last request: 301.133651 seconds.
  path: Assets/Scenes/level1.unity
  artifactKey: Guid(c4e691ce00643b74ca4734b49c922b31) Importer(815301076,1909f56bfc062723c751e8b465ee728b)
Start importing Assets/Scenes/level1.unity using Guid(c4e691ce00643b74ca4734b49c922b31) Importer(815301076,1909f56bfc062723c751e8b465ee728b)  -> (artifact id: 'adef0e555feab6df68071283df222491') in 0.020846 seconds 
========================================================================
Received Import Request.
  Time since last request: 239.776133 seconds.
  path: Assets/Scenes/level2.unity
  artifactKey: Guid(edb682b9f9caf594ab4a4a8b918a215f) Importer(815301076,1909f56bfc062723c751e8b465ee728b)
Start importing Assets/Scenes/level2.unity using Guid(edb682b9f9caf594ab4a4a8b918a215f) Importer(815301076,1909f56bfc062723c751e8b465ee728b)  -> (artifact id: '1e3967080d79af8c7cfbb74a19385d37') in 0.003322 seconds 
========================================================================
Received Prepare
Registering precompiled user dll's ...
Registered in 0.001507 seconds.
Begin MonoManager ReloadAssembly
Native extension for WindowsStandalone target not found
Refreshing native plugins compatible for Editor in 0.42 ms, found 1 plugins.
Preloading 0 native plugins for Editor in 0.00 ms.
Mono: successfully reloaded assembly
- Completed reload, in  0.994 seconds
Platform modules already initialized, skipping
Refreshing native plugins compatible for Editor in 0.44 ms, found 1 plugins.
Preloading 0 native plugins for Editor in 0.00 ms.
Unloading 2106 Unused Serialized files (Serialized files now loaded: 0)
System memory in use before: 110.7 MB.
System memory in use after: 110.8 MB.

Unloading 9 unused Assets to reduce memory usage. Loaded Objects now: 2682.
Total: 4.292900 ms (FindLiveObjects: 0.393900 ms CreateObjectMapping: 0.281500 ms MarkObjects: 3.596500 ms  DeleteObjects: 0.019400 ms)

========================================================================
Received Prepare
Registering precompiled user dll's ...
Registered in 0.001110 seconds.
Begin MonoManager ReloadAssembly
Native extension for WindowsStandalone target not found
Refreshing native plugins compatible for Editor in 0.53 ms, found 1 plugins.
Preloading 0 native plugins for Editor in 0.00 ms.
Mono: successfully reloaded assembly
- Completed reload, in  1.119 seconds
Platform modules already initialized, skipping
Refreshing native plugins compatible for Editor in 0.52 ms, found 1 plugins.
Preloading 0 native plugins for Editor in 0.00 ms.
Unloading 2106 Unused Serialized files (Serialized files now loaded: 0)
System memory in use before: 110.7 MB.
System memory in use after: 110.9 MB.

Unloading 9 unused Assets to reduce memory usage. Loaded Objects now: 2685.
Total: 2.861000 ms (FindLiveObjects: 0.274000 ms CreateObjectMapping: 0.150700 ms MarkObjects: 2.413700 ms  DeleteObjects: 0.020900 ms)

========================================================================
Received Prepare
Registering precompiled user dll's ...
Registered in 0.001053 seconds.
Begin MonoManager ReloadAssembly
Native extension for WindowsStandalone target not found
Refreshing native plugins compatible for Editor in 0.43 ms, found 1 plugins.
Preloading 0 native plugins for Editor in 0.00 ms.
Mono: successfully reloaded assembly
- Completed reload, in  1.123 seconds
Platform modules already initialized, skipping
Refreshing native plugins compatible for Editor in 0.45 ms, found 1 plugins.
Preloading 0 native plugins for Editor in 0.00 ms.
Unloading 2106 Unused Serialized files (Serialized files now loaded: 0)
System memory in use before: 110.7 MB.
System memory in use after: 110.9 MB.

Unloading 9 unused Assets to reduce memory usage. Loaded Objects now: 2688.
Total: 3.050200 ms (FindLiveObjects: 0.426700 ms CreateObjectMapping: 0.202300 ms MarkObjects: 2.399100 ms  DeleteObjects: 0.020000 ms)

========================================================================
Received Import Request.
  Time since last request: 106.458738 seconds.
  path: Assets/Scenes/level1.unity
  artifactKey: Guid(c4e691ce00643b74ca4734b49c922b31) Importer(815301076,1909f56bfc062723c751e8b465ee728b)
Start importing Assets/Scenes/level1.unity using Guid(c4e691ce00643b74ca4734b49c922b31) Importer(815301076,1909f56bfc062723c751e8b465ee728b)  -> (artifact id: 'cc5c6aab21a56bb16d62fb3efde10bf0') in 0.023896 seconds 
========================================================================
Received Prepare
Registering precompiled user dll's ...
Registered in 0.001108 seconds.
Begin MonoManager ReloadAssembly
Native extension for WindowsStandalone target not found
Refreshing native plugins compatible for Editor in 0.42 ms, found 1 plugins.
Preloading 0 native plugins for Editor in 0.00 ms.
Mono: successfully reloaded assembly
- Completed reload, in  1.154 seconds
Platform modules already initialized, skipping
Refreshing native plugins compatible for Editor in 0.66 ms, found 1 plugins.
Preloading 0 native plugins for Editor in 0.00 ms.
Unloading 2106 Unused Serialized files (Serialized files now loaded: 0)
System memory in use before: 110.8 MB.
System memory in use after: 110.9 MB.

Unloading 9 unused Assets to reduce memory usage. Loaded Objects now: 2691.
Total: 2.697800 ms (FindLiveObjects: 0.501800 ms CreateObjectMapping: 0.157100 ms MarkObjects: 1.998500 ms  DeleteObjects: 0.037800 ms)

========================================================================
Received Prepare
Registering precompiled user dll's ...
Registered in 0.001093 seconds.
Begin MonoManager ReloadAssembly
Native extension for WindowsStandalone target not found
Refreshing native plugins compatible for Editor in 0.47 ms, found 1 plugins.
Preloading 0 native plugins for Editor in 0.00 ms.
Mono: successfully reloaded assembly
- Completed reload, in  1.126 seconds
Platform modules already initialized, skipping
Refreshing native plugins compatible for Editor in 0.45 ms, found 1 plugins.
Preloading 0 native plugins for Editor in 0.00 ms.
Unloading 2106 Unused Serialized files (Serialized files now loaded: 0)
System memory in use before: 110.8 MB.
System memory in use after: 110.9 MB.

Unloading 9 unused Assets to reduce memory usage. Loaded Objects now: 2694.
Total: 3.117700 ms (FindLiveObjects: 0.382800 ms CreateObjectMapping: 0.153300 ms MarkObjects: 2.557900 ms  DeleteObjects: 0.021800 ms)

========================================================================
Received Import Request.
  Time since last request: 41.200537 seconds.
  path: Assets/Scenes/level3.unity
  artifactKey: Guid(7078f9578eb3e4acea0609a846e35943) Importer(815301076,1909f56bfc062723c751e8b465ee728b)
Start importing Assets/Scenes/level3.unity using Guid(7078f9578eb3e4acea0609a846e35943) Importer(815301076,1909f56bfc062723c751e8b465ee728b)  -> (artifact id: 'eb489e886fe23997b20a805163b6b898') in 0.024405 seconds 
========================================================================
Received Prepare
Registering precompiled user dll's ...
Registered in 0.001078 seconds.
Begin MonoManager ReloadAssembly
Native extension for WindowsStandalone target not found
Refreshing native plugins compatible for Editor in 0.52 ms, found 1 plugins.
Preloading 0 native plugins for Editor in 0.00 ms.
Mono: successfully reloaded assembly
- Completed reload, in  1.019 seconds
Platform modules already initialized, skipping
Refreshing native plugins compatible for Editor in 0.44 ms, found 1 plugins.
Preloading 0 native plugins for Editor in 0.00 ms.
Unloading 2106 Unused Serialized files (Serialized files now loaded: 0)
System memory in use before: 110.8 MB.
System memory in use after: 110.9 MB.

Unloading 9 unused Assets to reduce memory usage. Loaded Objects now: 2697.
Total: 2.594300 ms (FindLiveObjects: 0.355500 ms CreateObjectMapping: 0.126200 ms MarkObjects: 2.094100 ms  DeleteObjects: 0.016000 ms)

========================================================================
Received Prepare
Registering precompiled user dll's ...
Registered in 0.001611 seconds.
Begin MonoManager ReloadAssembly
Native extension for WindowsStandalone target not found
Refreshing native plugins compatible for Editor in 0.61 ms, found 1 plugins.
Preloading 0 native plugins for Editor in 0.00 ms.
Mono: successfully reloaded assembly
- Completed reload, in  1.114 seconds
Platform modules already initialized, skipping
Refreshing native plugins compatible for Editor in 0.43 ms, found 1 plugins.
Preloading 0 native plugins for Editor in 0.00 ms.
Unloading 2106 Unused Serialized files (Serialized files now loaded: 0)
System memory in use before: 110.8 MB.
System memory in use after: 110.9 MB.

Unloading 9 unused Assets to reduce memory usage. Loaded Objects now: 2700.
Total: 4.491000 ms (FindLiveObjects: 0.657300 ms CreateObjectMapping: 0.180800 ms MarkObjects: 3.610600 ms  DeleteObjects: 0.040900 ms)

========================================================================
Received Prepare
Registering precompiled user dll's ...
Registered in 0.001131 seconds.
Begin MonoManager ReloadAssembly
Native extension for WindowsStandalone target not found
Refreshing native plugins compatible for Editor in 0.43 ms, found 1 plugins.
Preloading 0 native plugins for Editor in 0.00 ms.
Mono: successfully reloaded assembly
- Completed reload, in  1.167 seconds
Platform modules already initialized, skipping
Refreshing native plugins compatible for Editor in 0.49 ms, found 1 plugins.
Preloading 0 native plugins for Editor in 0.00 ms.
Unloading 2106 Unused Serialized files (Serialized files now loaded: 0)
System memory in use before: 110.8 MB.
System memory in use after: 110.9 MB.

Unloading 9 unused Assets to reduce memory usage. Loaded Objects now: 2703.
Total: 2.934300 ms (FindLiveObjects: 0.304500 ms CreateObjectMapping: 0.156700 ms MarkObjects: 2.418400 ms  DeleteObjects: 0.053300 ms)

========================================================================
Received Prepare
Registering precompiled user dll's ...
Registered in 0.001295 seconds.
Begin MonoManager ReloadAssembly
Native extension for WindowsStandalone target not found
Refreshing native plugins compatible for Editor in 0.45 ms, found 1 plugins.
Preloading 0 native plugins for Editor in 0.00 ms.
Mono: successfully reloaded assembly
- Completed reload, in  1.112 seconds
Platform modules already initialized, skipping
Refreshing native plugins compatible for Editor in 0.72 ms, found 1 plugins.
Preloading 0 native plugins for Editor in 0.00 ms.
Unloading 2106 Unused Serialized files (Serialized files now loaded: 0)
System memory in use before: 110.9 MB.
System memory in use after: 111.0 MB.

Unloading 9 unused Assets to reduce memory usage. Loaded Objects now: 2706.
Total: 3.076000 ms (FindLiveObjects: 0.490800 ms CreateObjectMapping: 0.216900 ms MarkObjects: 2.343000 ms  DeleteObjects: 0.023900 ms)

========================================================================
Received Import Request.
  Time since last request: 179.568564 seconds.
  path: Assets/Scenes/level3.unity
  artifactKey: Guid(7078f9578eb3e4acea0609a846e35943) Importer(815301076,1909f56bfc062723c751e8b465ee728b)
Start importing Assets/Scenes/level3.unity using Guid(7078f9578eb3e4acea0609a846e35943) Importer(815301076,1909f56bfc062723c751e8b465ee728b)  -> (artifact id: '45f1f00b4985ade2c96c2d4b65fbfb9f') in 0.015540 seconds 
========================================================================
Received Prepare
Registering precompiled user dll's ...
Registered in 0.001247 seconds.
Begin MonoManager ReloadAssembly
Native extension for WindowsStandalone target not found
Refreshing native plugins compatible for Editor in 0.41 ms, found 1 plugins.
Preloading 0 native plugins for Editor in 0.00 ms.
Mono: successfully reloaded assembly
- Completed reload, in  1.089 seconds
Platform modules already initialized, skipping
Refreshing native plugins compatible for Editor in 0.50 ms, found 1 plugins.
Preloading 0 native plugins for Editor in 0.00 ms.
Unloading 2106 Unused Serialized files (Serialized files now loaded: 0)
System memory in use before: 110.9 MB.
System memory in use after: 111.0 MB.

Unloading 9 unused Assets to reduce memory usage. Loaded Objects now: 2709.
Total: 3.371100 ms (FindLiveObjects: 0.542300 ms CreateObjectMapping: 0.263600 ms MarkObjects: 2.541300 ms  DeleteObjects: 0.022200 ms)

========================================================================
Received Import Request.
  Time since last request: 105.240933 seconds.
  path: Assets/Scenes/Final.unity
  artifactKey: Guid(0046f63385c97f047860441796d8a7b1) Importer(815301076,1909f56bfc062723c751e8b465ee728b)
Start importing Assets/Scenes/Final.unity using Guid(0046f63385c97f047860441796d8a7b1) Importer(815301076,1909f56bfc062723c751e8b465ee728b)  -> (artifact id: '413b137c55026c3aab7675b85559c3ad') in 0.015644 seconds 
========================================================================
Received Prepare
Registering precompiled user dll's ...
Registered in 0.001090 seconds.
Begin MonoManager ReloadAssembly
Native extension for WindowsStandalone target not found
Refreshing native plugins compatible for Editor in 0.83 ms, found 1 plugins.
Preloading 0 native plugins for Editor in 0.00 ms.
Mono: successfully reloaded assembly
- Completed reload, in  1.116 seconds
Platform modules already initialized, skipping
Refreshing native plugins compatible for Editor in 0.56 ms, found 1 plugins.
Preloading 0 native plugins for Editor in 0.00 ms.
Unloading 2106 Unused Serialized files (Serialized files now loaded: 0)
System memory in use before: 110.9 MB.
System memory in use after: 111.0 MB.

Unloading 9 unused Assets to reduce memory usage. Loaded Objects now: 2712.
Total: 2.935900 ms (FindLiveObjects: 0.296000 ms CreateObjectMapping: 0.111900 ms MarkObjects: 2.504300 ms  DeleteObjects: 0.022500 ms)

========================================================================
Received Import Request.
  Time since last request: 349.648687 seconds.
  path: Assets/Scenes/Final.unity
  artifactKey: Guid(0046f63385c97f047860441796d8a7b1) Importer(815301076,1909f56bfc062723c751e8b465ee728b)
Start importing Assets/Scenes/Final.unity using Guid(0046f63385c97f047860441796d8a7b1) Importer(815301076,1909f56bfc062723c751e8b465ee728b)  -> (artifact id: 'b84a7b189a88866e847f67f834067294') in 0.032670 seconds 
========================================================================
Received Prepare
Registering precompiled user dll's ...
Registered in 0.001104 seconds.
Begin MonoManager ReloadAssembly
Native extension for WindowsStandalone target not found
Refreshing native plugins compatible for Editor in 0.61 ms, found 1 plugins.
Preloading 0 native plugins for Editor in 0.00 ms.
Mono: successfully reloaded assembly
- Completed reload, in  1.096 seconds
Platform modules already initialized, skipping
Refreshing native plugins compatible for Editor in 0.50 ms, found 1 plugins.
Preloading 0 native plugins for Editor in 0.00 ms.
Unloading 2106 Unused Serialized files (Serialized files now loaded: 0)
System memory in use before: 110.9 MB.
System memory in use after: 111.1 MB.

Unloading 9 unused Assets to reduce memory usage. Loaded Objects now: 2715.
Total: 2.753300 ms (FindLiveObjects: 0.389900 ms CreateObjectMapping: 0.170500 ms MarkObjects: 2.173600 ms  DeleteObjects: 0.018000 ms)

========================================================================
Received Prepare
Registering precompiled user dll's ...
Registered in 0.001095 seconds.
Begin MonoManager ReloadAssembly
Native extension for WindowsStandalone target not found
Refreshing native plugins compatible for Editor in 0.46 ms, found 1 plugins.
Preloading 0 native plugins for Editor in 0.00 ms.
Mono: successfully reloaded assembly
- Completed reload, in  0.998 seconds
Platform modules already initialized, skipping
Refreshing native plugins compatible for Editor in 0.45 ms, found 1 plugins.
Preloading 0 native plugins for Editor in 0.00 ms.
Unloading 2106 Unused Serialized files (Serialized files now loaded: 0)
System memory in use before: 111.0 MB.
System memory in use after: 111.1 MB.

Unloading 9 unused Assets to reduce memory usage. Loaded Objects now: 2718.
Total: 2.404800 ms (FindLiveObjects: 0.267400 ms CreateObjectMapping: 0.122500 ms MarkObjects: 1.978100 ms  DeleteObjects: 0.035600 ms)

========================================================================
Received Prepare
Registering precompiled user dll's ...
Registered in 0.001870 seconds.
Begin MonoManager ReloadAssembly
Native extension for WindowsStandalone target not found
Refreshing native plugins compatible for Editor in 2.17 ms, found 1 plugins.
Preloading 0 native plugins for Editor in 0.00 ms.
Mono: successfully reloaded assembly
- Completed reload, in  1.852 seconds
Platform modules already initialized, skipping
Refreshing native plugins compatible for Editor in 0.61 ms, found 1 plugins.
Preloading 0 native plugins for Editor in 0.00 ms.
Unloading 2106 Unused Serialized files (Serialized files now loaded: 0)
System memory in use before: 111.0 MB.
System memory in use after: 111.1 MB.

Unloading 9 unused Assets to reduce memory usage. Loaded Objects now: 2721.
Total: 2.548700 ms (FindLiveObjects: 0.320600 ms CreateObjectMapping: 0.109900 ms MarkObjects: 2.099600 ms  DeleteObjects: 0.017500 ms)

========================================================================
Received Import Request.
  Time since last request: 825.364105 seconds.
  path: Assets/robbie_image.jpg
  artifactKey: Guid(722db183fcd7b3c4dabca37e58fef2fd) Importer(815301076,1909f56bfc062723c751e8b465ee728b)
Start importing Assets/robbie_image.jpg using Guid(722db183fcd7b3c4dabca37e58fef2fd) Importer(815301076,1909f56bfc062723c751e8b465ee728b)  -> (artifact id: '5d1b5a6f4ec7abb0889068bfd5ef861a') in 0.282264 seconds 
========================================================================
Received Import Request.
  Time since last request: 220.440801 seconds.
  path: Assets/final_image.jpg
  artifactKey: Guid(79ab043cb9d23fc40a02786f1c875031) Importer(815301076,1909f56bfc062723c751e8b465ee728b)
Start importing Assets/final_image.jpg using Guid(79ab043cb9d23fc40a02786f1c875031) Importer(815301076,1909f56bfc062723c751e8b465ee728b)  -> (artifact id: 'aa7286f175b346f46dc1ecc58f512d7b') in 0.030225 seconds 
========================================================================
Received Prepare
Registering precompiled user dll's ...
Registered in 0.001246 seconds.
Begin MonoManager ReloadAssembly
Native extension for WindowsStandalone target not found
Refreshing native plugins compatible for Editor in 1.14 ms, found 1 plugins.
Preloading 0 native plugins for Editor in 0.00 ms.
Mono: successfully reloaded assembly
- Completed reload, in  1.674 seconds
Platform modules already initialized, skipping
Refreshing native plugins compatible for Editor in 0.68 ms, found 1 plugins.
Preloading 0 native plugins for Editor in 0.00 ms.
Unloading 2107 Unused Serialized files (Serialized files now loaded: 0)
System memory in use before: 111.9 MB.
System memory in use after: 112.1 MB.

Unloading 9 unused Assets to reduce memory usage. Loaded Objects now: 2758.
Total: 7.092300 ms (FindLiveObjects: 1.054200 ms CreateObjectMapping: 0.629100 ms MarkObjects: 5.374200 ms  DeleteObjects: 0.032200 ms)

========================================================================
Received Prepare
Registering precompiled user dll's ...
Registered in 0.001115 seconds.
Begin MonoManager ReloadAssembly
Native extension for WindowsStandalone target not found
Refreshing native plugins compatible for Editor in 0.44 ms, found 1 plugins.
Preloading 0 native plugins for Editor in 0.00 ms.
Mono: successfully reloaded assembly
- Completed reload, in  0.981 seconds
Platform modules already initialized, skipping
Refreshing native plugins compatible for Editor in 0.45 ms, found 1 plugins.
Preloading 0 native plugins for Editor in 0.00 ms.
Unloading 2106 Unused Serialized files (Serialized files now loaded: 0)
System memory in use before: 111.8 MB.
System memory in use after: 112.1 MB.

Unloading 9 unused Assets to reduce memory usage. Loaded Objects now: 2761.
Total: 2.660200 ms (FindLiveObjects: 0.395600 ms CreateObjectMapping: 0.134000 ms MarkObjects: 2.112800 ms  DeleteObjects: 0.016700 ms)

========================================================================
Received Prepare
Registering precompiled user dll's ...
Registered in 0.002390 seconds.
Begin MonoManager ReloadAssembly
Native extension for WindowsStandalone target not found
Refreshing native plugins compatible for Editor in 0.40 ms, found 1 plugins.
Preloading 0 native plugins for Editor in 0.00 ms.
Mono: successfully reloaded assembly
- Completed reload, in  1.035 seconds
Platform modules already initialized, skipping
Refreshing native plugins compatible for Editor in 0.44 ms, found 1 plugins.
Preloading 0 native plugins for Editor in 0.00 ms.
Unloading 2106 Unused Serialized files (Serialized files now loaded: 0)
System memory in use before: 111.9 MB.
System memory in use after: 112.1 MB.

Unloading 9 unused Assets to reduce memory usage. Loaded Objects now: 2764.
Total: 3.572800 ms (FindLiveObjects: 0.638200 ms CreateObjectMapping: 0.215800 ms MarkObjects: 2.654700 ms  DeleteObjects: 0.061300 ms)

========================================================================
Received Prepare
Refreshing native plugins compatible for Editor in 1.40 ms, found 1 plugins.
Preloading 0 native plugins for Editor in 0.00 ms.
Unloading 7 Unused Serialized files (Serialized files now loaded: 0)
System memory in use before: 70.1 MB.
System memory in use after: 70.3 MB.

Unloading 6 unused Assets to reduce memory usage. Loaded Objects now: 2764.
Total: 3.427400 ms (FindLiveObjects: 0.425900 ms CreateObjectMapping: 0.099400 ms MarkObjects: 2.886900 ms  DeleteObjects: 0.013700 ms)

